<?xml version="1.0" encoding="UTF-8"?>
<!-- Generated by org.testng.reporters.JUnitXMLReporter -->
<testsuite ignored="0" hostname="DESKTOP-J4JF090" failures="0" tests="6" name="Default test" time="202.857" errors="0" timestamp="2023-08-08T12:08:55 IST">
  <testcase classname="testpkg.LoginNselctest" name="loginCred" time="24.72"/>
  <testcase classname="testpkg.LoginNselctest" name="formSelect" time="40.765"/>
  <testcase classname="testpkg.LoginNselctest" name="formFilSubmit" time="37.801"/>
  <testcase classname="testpkg.LoginNselctest" name="linkValidtn" time="57.705"/>
  <testcase classname="testpkg.LoginNselctest" name="delForm" time="4.453"/>
  <testcase classname="testpkg.LoginNselctest" name="test2" time="2.638"/>
</testsuite> <!-- Default test -->
