<?xml version="1.0" encoding="UTF-8"?>
<testng-results ignored="0" total="6" passed="6" failed="0" skipped="0">
  <reporter-output>
  </reporter-output>
  <suite started-at="2023-08-08T12:05:32 IST" name="Default suite" finished-at="2023-08-08T12:08:55 IST" duration-ms="202857">
    <groups>
    </groups>
    <test started-at="2023-08-08T12:05:32 IST" name="Default test" finished-at="2023-08-08T12:08:55 IST" duration-ms="202857">
      <class name="testpkg.LoginNselctest">
        <test-method is-config="true" signature="setUp()[pri:0, instance:testpkg.LoginNselctest@3e27ba32]" started-at="2023-08-08T12:05:32 IST" name="setUp" finished-at="2023-08-08T12:06:07 IST" duration-ms="34625" status="PASS">
          <reporter-output>
          </reporter-output>
        </test-method> <!-- setUp -->
        <test-method signature="loginCred()[pri:1, instance:testpkg.LoginNselctest@3e27ba32]" started-at="2023-08-08T12:06:07 IST" name="loginCred" finished-at="2023-08-08T12:06:32 IST" duration-ms="24720" status="PASS">
          <reporter-output>
          </reporter-output>
        </test-method> <!-- loginCred -->
        <test-method signature="formSelect()[pri:2, instance:testpkg.LoginNselctest@3e27ba32]" started-at="2023-08-08T12:06:32 IST" name="formSelect" finished-at="2023-08-08T12:07:13 IST" duration-ms="40765" status="PASS">
          <reporter-output>
          </reporter-output>
        </test-method> <!-- formSelect -->
        <test-method signature="formFilSubmit()[pri:3, instance:testpkg.LoginNselctest@3e27ba32]" started-at="2023-08-08T12:07:13 IST" name="formFilSubmit" finished-at="2023-08-08T12:07:50 IST" duration-ms="37801" status="PASS">
          <reporter-output>
          </reporter-output>
        </test-method> <!-- formFilSubmit -->
        <test-method signature="linkValidtn()[pri:4, instance:testpkg.LoginNselctest@3e27ba32]" started-at="2023-08-08T12:07:50 IST" name="linkValidtn" finished-at="2023-08-08T12:08:48 IST" duration-ms="57705" status="PASS">
          <reporter-output>
          </reporter-output>
        </test-method> <!-- linkValidtn -->
        <test-method signature="delForm()[pri:5, instance:testpkg.LoginNselctest@3e27ba32]" started-at="2023-08-08T12:08:48 IST" name="delForm" finished-at="2023-08-08T12:08:53 IST" duration-ms="4453" status="PASS">
          <reporter-output>
          </reporter-output>
        </test-method> <!-- delForm -->
        <test-method signature="test2()[pri:6, instance:testpkg.LoginNselctest@3e27ba32]" started-at="2023-08-08T12:08:53 IST" name="test2" finished-at="2023-08-08T12:08:55 IST" duration-ms="2638" status="PASS">
          <reporter-output>
          </reporter-output>
        </test-method> <!-- test2 -->
      </class> <!-- testpkg.LoginNselctest -->
    </test> <!-- Default test -->
  </suite> <!-- Default suite -->
</testng-results>
