<?xml version="1.0" encoding="UTF-8"?>
<testng-results ignored="0" total="1" passed="1" failed="0" skipped="0">
  <reporter-output>
  </reporter-output>
  <suite started-at="2023-08-07T21:40:42 IST" name="Default suite" finished-at="2023-08-07T21:43:29 IST" duration-ms="166517">
    <groups>
    </groups>
    <test started-at="2023-08-07T21:40:42 IST" name="Default test" finished-at="2023-08-07T21:43:29 IST" duration-ms="166517">
      <class name="testpkg.LoginNselctest">
        <test-method is-config="true" signature="setUp()[pri:0, instance:testpkg.LoginNselctest@3e8c3cb]" started-at="2023-08-07T21:40:42 IST" name="setUp" finished-at="2023-08-07T21:40:53 IST" duration-ms="10693" status="PASS">
          <reporter-output>
          </reporter-output>
        </test-method> <!-- setUp -->
        <test-method signature="loginCred()[pri:0, instance:testpkg.LoginNselctest@3e8c3cb]" started-at="2023-08-07T21:40:53 IST" name="loginCred" finished-at="2023-08-07T21:43:29 IST" duration-ms="155764" status="PASS">
          <reporter-output>
          </reporter-output>
        </test-method> <!-- loginCred -->
      </class> <!-- testpkg.LoginNselctest -->
    </test> <!-- Default test -->
  </suite> <!-- Default suite -->
</testng-results>
